  main.cpp
C:\Users\Giorgio Mancusi\Desktop\TrabajoFinalAlgEstDat\TrabajoFinalAlgEstDat\SourceFiles\Encomienda\objetoEncomienda.h(20,26): warning C4244: '=': conversion from 'int' to 'float', possible loss of data
C:\Users\Giorgio Mancusi\Desktop\TrabajoFinalAlgEstDat\TrabajoFinalAlgEstDat\SourceFiles\Rutas.h(44,46): warning C4267: 'return': conversion from 'size_t' to 'int', possible loss of data
C:\Users\Giorgio Mancusi\Desktop\TrabajoFinalAlgEstDat\TrabajoFinalAlgEstDat\SourceFiles\Rutas.h(66,47): warning C4267: 'argument': conversion from 'size_t' to 'int', possible loss of data
C:\Users\Giorgio Mancusi\Desktop\TrabajoFinalAlgEstDat\TrabajoFinalAlgEstDat\SourceFiles\Rutas.h(89,47): warning C4267: 'argument': conversion from 'size_t' to 'int', possible loss of data
C:\Users\Giorgio Mancusi\Desktop\TrabajoFinalAlgEstDat\TrabajoFinalAlgEstDat\SourceFiles\Viaje\Viaje.h(148,25): warning C4244: '=': conversion from 'double' to 'int', possible loss of data
C:\Users\Giorgio Mancusi\Desktop\TrabajoFinalAlgEstDat\TrabajoFinalAlgEstDat\SourceFiles\Viaje\Viaje.h(154,25): warning C4244: '=': conversion from 'double' to 'int', possible loss of data
C:\Users\Giorgio Mancusi\Desktop\TrabajoFinalAlgEstDat\TrabajoFinalAlgEstDat\SourceFiles\ControladorDataSet.h(125,95): warning C4244: 'argument': conversion from 'float' to 'int', possible loss of data
C:\Users\Giorgio Mancusi\Desktop\TrabajoFinalAlgEstDat\TrabajoFinalAlgEstDat\SourceFiles\Encomienda\ControladorEncomiendas.h(182,73): warning C4244: 'argument': conversion from 'float' to 'int', possible loss of data
C:\Users\Giorgio Mancusi\Desktop\TrabajoFinalAlgEstDat\TrabajoFinalAlgEstDat\SourceFiles\main.cpp(43,15): warning C4244: 'argument': conversion from 'time_t' to 'unsigned int', possible loss of data
C:\Users\Giorgio Mancusi\Desktop\TrabajoFinalAlgEstDat\TrabajoFinalAlgEstDat\SourceFiles\Algoritmos\HashTable.h(50,24): warning C4267: '=': conversion from 'size_t' to 'int', possible loss of data
C:\Users\Giorgio Mancusi\Desktop\TrabajoFinalAlgEstDat\TrabajoFinalAlgEstDat\SourceFiles\Algoritmos\HashTable.h(46,7): message : while compiling class template member function 'void HashTable<Encomienda>::buscarEncomienda(std::string)'
C:\Users\Giorgio Mancusi\Desktop\TrabajoFinalAlgEstDat\TrabajoFinalAlgEstDat\SourceFiles\Encomienda\ControladorEncomiendas.h(72,50): message : see the first reference to 'HashTable<Encomienda>::buscarEncomienda' in 'ControladorEncomiendas::buscarEncomienda'
C:\Users\Giorgio Mancusi\Desktop\TrabajoFinalAlgEstDat\TrabajoFinalAlgEstDat\SourceFiles\ControladorDataSet.h(27,31): message : see reference to class template instantiation 'HashTable<Encomienda>' being compiled
C:\Users\Giorgio Mancusi\Desktop\TrabajoFinalAlgEstDat\TrabajoFinalAlgEstDat\SourceFiles\Algoritmos\HashTable.h(68,24): warning C4267: '=': conversion from 'size_t' to 'int', possible loss of data
C:\Users\Giorgio Mancusi\Desktop\TrabajoFinalAlgEstDat\TrabajoFinalAlgEstDat\SourceFiles\Algoritmos\HashTable.h(64,7): message : while compiling class template member function 'void HashTable<Viaje>::buscarViaje(std::string)'
C:\Users\Giorgio Mancusi\Desktop\TrabajoFinalAlgEstDat\TrabajoFinalAlgEstDat\SourceFiles\Viaje\ControladorViajes.h(61,35): message : see the first reference to 'HashTable<Viaje>::buscarViaje' in 'ControladorViajes::reservaBusquedaViajes'
C:\Users\Giorgio Mancusi\Desktop\TrabajoFinalAlgEstDat\TrabajoFinalAlgEstDat\SourceFiles\ControladorDataSet.h(20,26): message : see reference to class template instantiation 'HashTable<Viaje>' being compiled
C:\Users\Giorgio Mancusi\Desktop\TrabajoFinalAlgEstDat\TrabajoFinalAlgEstDat\SourceFiles\Algoritmos\HashTable.h(156,27): warning C4267: '=': conversion from 'size_t' to 'int', possible loss of data
C:\Users\Giorgio Mancusi\Desktop\TrabajoFinalAlgEstDat\TrabajoFinalAlgEstDat\SourceFiles\Algoritmos\HashTable.h(153,12): message : while compiling class template member function 'std::list<T *,std::allocator<_Ty>> HashTable<T>::buscarListaBus(std::string)'
          with
          [
              T=Asiento,
              _Ty=Asiento *
          ]
C:\Users\Giorgio Mancusi\Desktop\TrabajoFinalAlgEstDat\TrabajoFinalAlgEstDat\SourceFiles\VehiculoTransporte.h(139,24): message : see the first reference to 'HashTable<Asiento>::buscarListaBus' in 'Bus::LugarDisponible'
C:\Users\Giorgio Mancusi\Desktop\TrabajoFinalAlgEstDat\TrabajoFinalAlgEstDat\SourceFiles\VehiculoTransporte.h(77,28): message : see reference to class template instantiation 'HashTable<Asiento>' being compiled
C:\Users\Giorgio Mancusi\Desktop\TrabajoFinalAlgEstDat\TrabajoFinalAlgEstDat\SourceFiles\Algoritmos\HashTable.h(129,25): warning C4267: 'return': conversion from 'size_t' to 'int', possible loss of data
C:\Users\Giorgio Mancusi\Desktop\TrabajoFinalAlgEstDat\TrabajoFinalAlgEstDat\SourceFiles\Algoritmos\HashTable.h(127,6): message : while compiling class template member function 'int HashTable<Asiento>::getSize(void) const'
C:\Users\Giorgio Mancusi\Desktop\TrabajoFinalAlgEstDat\TrabajoFinalAlgEstDat\SourceFiles\VehiculoTransporte.h(113,9): message : see the first reference to 'HashTable<Asiento>::getSize' in 'Bus::AsientoRandom'
C:\Users\Giorgio Mancusi\Desktop\TrabajoFinalAlgEstDat\TrabajoFinalAlgEstDat\SourceFiles\Algoritmos\HashTable.h(178,29): warning C4267: '=': conversion from 'size_t' to 'int', possible loss of data
C:\Users\Giorgio Mancusi\Desktop\TrabajoFinalAlgEstDat\TrabajoFinalAlgEstDat\SourceFiles\Algoritmos\HashTable.h(175,12): message : while compiling class template member function 'std::list<T *,std::allocator<_Ty>> HashTable<T>::buscarListaRutas(std::string)'
          with
          [
              T=TotalRuta<Camion>,
              _Ty=TotalRuta<Camion> *
          ]
C:\Users\Giorgio Mancusi\Desktop\TrabajoFinalAlgEstDat\TrabajoFinalAlgEstDat\SourceFiles\Algoritmos\Grafo.h(278,41): message : see the first reference to 'HashTable<TotalRuta<Camion>>::buscarListaRutas' in 'Grafo<NodoLista<Camion>,int,Camion,-1>::rutaFinal'
C:\Users\Giorgio Mancusi\Desktop\TrabajoFinalAlgEstDat\TrabajoFinalAlgEstDat\SourceFiles\ControladorDataSet.h(125,38): message : see the first reference to 'Grafo<NodoLista<Camion>,int,Camion,-1>::rutaFinal' in 'ControladorDataSet::FuncionEncomienda'
C:\Users\Giorgio Mancusi\Desktop\TrabajoFinalAlgEstDat\TrabajoFinalAlgEstDat\SourceFiles\Algoritmos\Grafo.h(92,1): message : see reference to class template instantiation 'HashTable<TotalRuta<Camion>>' being compiled
C:\Users\Giorgio Mancusi\Desktop\TrabajoFinalAlgEstDat\TrabajoFinalAlgEstDat\SourceFiles\ControladorDataSet.h(25): message : see reference to class template instantiation 'Grafo<NodoLista<Camion>,int,Camion,-1>' being compiled
  main.obj : MSIL module encountered; incremental linking is disabled for MSIL; performing full link
  TF-Algoritmos.vcxproj -> C:\Users\Giorgio Mancusi\Desktop\TrabajoFinalAlgEstDat\TrabajoFinalAlgEstDat\TF-Algoritmos\x64\Debug\TF-Algoritmos.exe
